<?xml version="1.0" encoding="UTF-8" ?>
<testsuite errors="0" failures="0" hostname="D-441007269" name="TestRun.TestBooking" skipped="0" tests="10" time="0.092" timestamp="2018-01-10T05:03:16">
  <properties>
[...]
</properties>
  <testcase classname="TestRun.TestBooking" name="testName" time="0.002" />
  <testcase classname="TestRun.TestBooking" name="testTicketNumber" time="0.001" />
  <testcase classname="TestRun.TestBooking" name="testPasswordNameComparision" time="0.0" />
  <testcase classname="TestRun.TestBooking" name="testmoviename" time="0.0" />
  <testcase classname="TestRun.TestBooking" name="testTotalCost" time="0.001" />
  <testcase classname="TestRun.TestBooking" name="testNameComparision" time="0.0" />
  <testcase classname="TestRun.TestBooking" name="testTheatreName" time="0.001" />
  <testcase classname="TestRun.TestBooking" name="testTicketType" time="0.0" />
  <testcase classname="TestRun.TestBooking" name="testPassword" time="0.0" />
  <testcase classname="TestRun.TestBooking" name="testTicketAvailablity" time="0.0" />
  <system-out><![CDATA[]]></system-out>
  <system-err><![CDATA[]]></system-err>
</testsuite>
