<?xml version="1.0" encoding="UTF-8" ?>
<testsuite errors="0" failures="0" hostname="D-441007269" name="atmTest.atmFunctionTest" skipped="0" tests="5" time="0.103" timestamp="2018-01-29T13:05:13">
  <properties>
[...]
</properties>
  <testcase classname="atmTest.atmFunctionTest" name="currBalTest" time="0.002" />
  <testcase classname="atmTest.atmFunctionTest" name="depositTest" time="0.0" />
  <testcase classname="atmTest.atmFunctionTest" name="passTest" time="0.0" />
  <testcase classname="atmTest.atmFunctionTest" name="withdrawTest" time="0.001" />
  <testcase classname="atmTest.atmFunctionTest" name="nameTest" time="0.0" />
  <system-out><![CDATA[]]></system-out>
  <system-err><![CDATA[]]></system-err>
</testsuite>
